<?xml version="1.0" encoding="UTF-8"?>
<!-- Generated by org.testng.reporters.JUnitReportReporter -->
<testsuite hostname="Apples-Mac-mini.local" failures="0" tests="1" name="testClass.Facebook" time="7.463" errors="0" timestamp="2024-03-21T14:23:55 IST" skipped="0">
  <testcase classname="testClass.Facebook" name="Signup" time="7.463"/>
  <system-out/>
</testsuite> <!-- testClass.Facebook -->
