<?xml version="1.0" encoding="UTF-8"?>
<!-- Generated by org.testng.reporters.JUnitReportReporter -->
<testsuite hostname="Apples-Mac-mini.local" failures="0" tests="1" name="testClass.VerifyNewsLetterSubscriptionTest" time="45.983" errors="0" timestamp="2024-02-19T08:17:06 IST" skipped="0">
  <testcase classname="testClass.VerifyNewsLetterSubscriptionTest" name="verifyNewsLetterSubscriptionMethod" time="45.983"/>
  <system-out/>
</testsuite> <!-- testClass.VerifyNewsLetterSubscriptionTest -->
