<?xml version="1.0" encoding="UTF-8"?>
<!-- Generated by org.testng.reporters.JUnitReportReporter -->
<testsuite hostname="Apples-Mac-mini.local" failures="0" tests="1" name="testClass.LoginTest" time="18.393" errors="0" timestamp="2024-03-21T09:30:22 IST" skipped="0">
  <testcase classname="testClass.LoginTest" name="method" time="18.393"/>
  <system-out/>
</testsuite> <!-- testClass.LoginTest -->
